Using pre-set license
Built from '2021.3/staging' branch; Version is '2021.3.10f1 (1c7d0df0160b) revision 1867021'; Using compiler version '192829333'; Build Type 'Release'
OS: 'Windows 11  (10.0.22621) 64bit Professional' Language: 'pt' Physical Memory: 16310 MB
BatchMode: 1, IsHumanControllingUs: 0, StartBugReporterOnCrash: 0, Is64bit: 1, IsPro: 1

COMMAND LINE ARGUMENTS:
C:\Program Files\Unity\Hub\Editor\2021.3.10f1\Editor\Unity.exe
-adb2
-batchMode
-noUpm
-name
AssetImportWorker5
-projectPath
C:/Users/thoma/Desktop/Lidem/Etic-LIdem
-logFile
Logs/AssetImportWorker5.log
-srvPort
55301
Successfully changed project path to: C:/Users/thoma/Desktop/Lidem/Etic-LIdem
C:/Users/thoma/Desktop/Lidem/Etic-LIdem
[UnityMemory] Configuration Parameters - Can be set up in boot.config
    "memorysetup-bucket-allocator-granularity=16"
    "memorysetup-bucket-allocator-bucket-count=8"
    "memorysetup-bucket-allocator-block-size=33554432"
    "memorysetup-bucket-allocator-block-count=8"
    "memorysetup-main-allocator-block-size=16777216"
    "memorysetup-thread-allocator-block-size=16777216"
    "memorysetup-gfx-main-allocator-block-size=16777216"
    "memorysetup-gfx-thread-allocator-block-size=16777216"
    "memorysetup-cache-allocator-block-size=4194304"
    "memorysetup-typetree-allocator-block-size=2097152"
    "memorysetup-profiler-bucket-allocator-granularity=16"
    "memorysetup-profiler-bucket-allocator-bucket-count=8"
    "memorysetup-profiler-bucket-allocator-block-size=33554432"
    "memorysetup-profiler-bucket-allocator-block-count=8"
    "memorysetup-profiler-allocator-block-size=16777216"
    "memorysetup-profiler-editor-allocator-block-size=1048576"
    "memorysetup-temp-allocator-size-main=16777216"
    "memorysetup-job-temp-allocator-block-size=2097152"
    "memorysetup-job-temp-allocator-block-size-background=1048576"
    "memorysetup-job-temp-allocator-reduction-small-platforms=262144"
    "memorysetup-temp-allocator-size-background-worker=32768"
    "memorysetup-temp-allocator-size-job-worker=262144"
    "memorysetup-temp-allocator-size-preload-manager=33554432"
    "memorysetup-temp-allocator-size-nav-mesh-worker=65536"
    "memorysetup-temp-allocator-size-audio-worker=65536"
    "memorysetup-temp-allocator-size-cloud-worker=32768"
    "memorysetup-temp-allocator-size-gi-baking-worker=262144"
    "memorysetup-temp-allocator-size-gfx=262144"
Refreshing native plugins compatible for Editor in 124.39 ms, found 10 plugins.
Preloading 1 native plugins for Editor in 1.69 ms.
Initialize engine version: 2021.3.10f1 (1c7d0df0160b)
[Subsystems] Discovering subsystems at path C:/Program Files/Unity/Hub/Editor/2021.3.10f1/Editor/Data/Resources/UnitySubsystems
[Subsystems] Discovering subsystems at path C:/Users/thoma/Desktop/Lidem/Etic-LIdem/Assets
GfxDevice: creating device client; threaded=0; jobified=0
Direct3D:
    Version:  Direct3D 11.0 [level 11.1]
    Renderer: NVIDIA GeForce RTX 3060 Ti (ID=0x2489)
    Vendor:   NVIDIA
    VRAM:     8038 MB
    Driver:   31.0.15.2698
Initialize mono
Mono path[0] = 'C:/Program Files/Unity/Hub/Editor/2021.3.10f1/Editor/Data/Managed'
Mono path[1] = 'C:/Program Files/Unity/Hub/Editor/2021.3.10f1/Editor/Data/MonoBleedingEdge/lib/mono/unityjit-win32'
Mono config path = 'C:/Program Files/Unity/Hub/Editor/2021.3.10f1/Editor/Data/MonoBleedingEdge/etc'
Using monoOptions --debugger-agent=transport=dt_socket,embedding=1,server=y,suspend=n,address=127.0.0.1:56156
Begin MonoManager ReloadAssembly
Registering precompiled unity dll's ...
Register platform support module: C:/Program Files/Unity/Hub/Editor/2021.3.10f1/Editor/Data/PlaybackEngines/WindowsStandaloneSupport/UnityEditor.WindowsStandalone.Extensions.dll
Registered in 0.005809 seconds.
Native extension for WindowsStandalone target not found
Refreshing native plugins compatible for Editor in 65.46 ms, found 10 plugins.
Preloading 1 native plugins for Editor in 0.08 ms.
Mono: successfully reloaded assembly
- Completed reload, in  0.637 seconds
Domain Reload Profiling:
	ReloadAssembly (637ms)
		BeginReloadAssembly (101ms)
			ExecutionOrderSort (0ms)
			DisableScriptedObjects (0ms)
			BackupInstance (0ms)
			ReleaseScriptingObjects (0ms)
			CreateAndSetChildDomain (1ms)
		EndReloadAssembly (427ms)
			LoadAssemblies (98ms)
			RebuildTransferFunctionScriptingTraits (0ms)
			SetupTypeCache (111ms)
			ReleaseScriptCaches (0ms)
			RebuildScriptCaches (25ms)
			SetupLoadedEditorAssemblies (240ms)
				LogAssemblyErrors (0ms)
				InitializePlatformSupportModulesInManaged (7ms)
				SetLoadedEditorAssemblies (0ms)
				RefreshPlugins (66ms)
				BeforeProcessingInitializeOnLoad (1ms)
				ProcessInitializeOnLoadAttributes (124ms)
				ProcessInitializeOnLoadMethodAttributes (42ms)
				AfterProcessingInitializeOnLoad (0ms)
				EditorAssembliesLoaded (0ms)
			ExecutionOrderSort2 (0ms)
			AwakeInstancesAfterBackupRestoration (0ms)
Platform modules already initialized, skipping
Registering precompiled user dll's ...
Registered in 0.019436 seconds.
Begin MonoManager ReloadAssembly
Native extension for WindowsStandalone target not found
Refreshing native plugins compatible for Editor in 71.74 ms, found 10 plugins.
Preloading 1 native plugins for Editor in 0.15 ms.
Package Manager log level set to [2]
System.Reflection.TargetInvocationException: Exception has been thrown by the target of an invocation. ---> System.NullReferenceException: Object reference not set to an instance of an object
  at Unity.XR.Oculus.OculusLoader.AssetPathToAbsolutePath (System.String assetPath) [0x00040] in C:\Users\thoma\Desktop\Lidem\Etic-LIdem\Library\PackageCache\com.unity.xr.oculus@3.0.2\Runtime\OculusLoader.cs:271 
  at Unity.XR.Oculus.OculusLoader.EditorLoadOVRPlugin () [0x0007b] in C:\Users\thoma\Desktop\Lidem\Etic-LIdem\Library\PackageCache\com.unity.xr.oculus@3.0.2\Runtime\OculusLoader.cs:256 
  at (wrapper managed-to-native) System.Reflection.RuntimeMethodInfo.InternalInvoke(System.Reflection.RuntimeMethodInfo,object,object[],System.Exception&)
  at System.Reflection.RuntimeMethodInfo.Invoke (System.Object obj, System.Reflection.BindingFlags invokeAttr, System.Reflection.Binder binder, System.Object[] parameters, System.Globalization.CultureInfo culture) [0x0006a] in <9aad1b3a47484d63ba2b3985692d80e9>:0 
   --- End of inner exception stack trace ---
  at System.Reflection.RuntimeMethodInfo.Invoke (System.Object obj, System.Reflection.BindingFlags invokeAttr, System.Reflection.Binder binder, System.Object[] parameters, System.Globalization.CultureInfo culture) [0x00083] in <9aad1b3a47484d63ba2b3985692d80e9>:0 
  at System.Reflection.MethodBase.Invoke (System.Object obj, System.Object[] parameters) [0x00000] in <9aad1b3a47484d63ba2b3985692d80e9>:0 
  at UnityEditor.EditorAssemblies.ProcessInitializeOnLoadMethodAttributes () [0x000a5] in <99feab6f3db6407493924fe4a179a95b>:0 
UnityEngine.StackTraceUtility:ExtractStackTrace ()
UnityEngine.DebugLogHandler:LogFormat (UnityEngine.LogType,UnityEngine.Object,string,object[])
UnityEngine.Logger:Log (UnityEngine.LogType,object)
UnityEngine.Debug:LogError (object)
UnityEditor.EditorAssemblies:ProcessInitializeOnLoadMethodAttributes ()

Mono: successfully reloaded assembly
- Completed reload, in  1.271 seconds
Domain Reload Profiling:
	ReloadAssembly (1272ms)
		BeginReloadAssembly (103ms)
			ExecutionOrderSort (0ms)
			DisableScriptedObjects (5ms)
			BackupInstance (0ms)
			ReleaseScriptingObjects (0ms)
			CreateAndSetChildDomain (19ms)
		EndReloadAssembly (1071ms)
			LoadAssemblies (129ms)
			RebuildTransferFunctionScriptingTraits (0ms)
			SetupTypeCache (236ms)
			ReleaseScriptCaches (1ms)
			RebuildScriptCaches (63ms)
			SetupLoadedEditorAssemblies (595ms)
				LogAssemblyErrors (0ms)
				InitializePlatformSupportModulesInManaged (11ms)
				SetLoadedEditorAssemblies (0ms)
				RefreshPlugins (72ms)
				BeforeProcessingInitializeOnLoad (99ms)
				ProcessInitializeOnLoadAttributes (309ms)
				ProcessInitializeOnLoadMethodAttributes (95ms)
				AfterProcessingInitializeOnLoad (8ms)
				EditorAssembliesLoaded (0ms)
			ExecutionOrderSort2 (0ms)
			AwakeInstancesAfterBackupRestoration (5ms)
Platform modules already initialized, skipping
========================================================================
Worker process is ready to serve import requests
Launched and connected shader compiler UnityShaderCompiler.exe after 0.05 seconds
Refreshing native plugins compatible for Editor in 1.38 ms, found 10 plugins.
Preloading 1 native plugins for Editor in 0.13 ms.
Unloading 4379 Unused Serialized files (Serialized files now loaded: 0)
Unloading 50 unused Assets / (0.7 MB). Loaded Objects now: 4836.
Memory consumption went from 206.1 MB to 205.4 MB.
Total: 4.989700 ms (FindLiveObjects: 0.615700 ms CreateObjectMapping: 0.160200 ms MarkObjects: 3.865400 ms  DeleteObjects: 0.346900 ms)

AssetImportParameters requested are different than current active one (requested -> active):
  custom:video-decoder-ogg-theora: a1e56fd34408186e4bbccfd4996cb3dc -> 
  custom:container-muxer-webm: aa71ff27fc2769a1b78a27578f13a17b -> 
  custom:container-demuxer-webm: 4f35f7cbe854078d1ac9338744f61a02 -> 
  custom:video-encoder-webm-vp8: eb34c28f22e8b96e1ab97ce403110664 -> 
  custom:audio-encoder-webm-vorbis: bf7c407c2cedff20999df2af8eb42d56 -> 
  custom:framework-win-MediaFoundation: 216162199b28c13a410421893ffa2e32 -> 
  custom:container-demuxer-ogg: 62fdf1f143b41e24485cea50d1cbac27 -> 
  custom:video-decoder-webm-vp8: 9c59270c3fd7afecdb556c50c9e8de78 -> 
  custom:audio-decoder-ogg-vorbis: bf7c407c2cedff20999df2af8eb42d56 -> 
========================================================================
Received Import Request.
  Time since last request: 881904.361304 seconds.
  path: Assets/Props/Infirmary_Props/Infirmary_Bandages_02.fbx
  artifactKey: Guid(eba9eda464f38f94fb2c3b71f2afa948) Importer(815301076,1909f56bfc062723c751e8b465ee728b)
Start importing Assets/Props/Infirmary_Props/Infirmary_Bandages_02.fbx using Guid(eba9eda464f38f94fb2c3b71f2afa948) Importer(815301076,1909f56bfc062723c751e8b465ee728b)  -> (artifact id: 'c0f53fec8ae3bba26120c1594101c02f') in 0.314760 seconds 
========================================================================
Received Import Request.
  Time since last request: 0.000029 seconds.
  path: Assets/Props/Infirmary_Props/Infirmary_Wall_Tunnel.fbx
  artifactKey: Guid(b9a87c6af9194214499106bcc80341f7) Importer(815301076,1909f56bfc062723c751e8b465ee728b)
Start importing Assets/Props/Infirmary_Props/Infirmary_Wall_Tunnel.fbx using Guid(b9a87c6af9194214499106bcc80341f7) Importer(815301076,1909f56bfc062723c751e8b465ee728b)  -> (artifact id: '18b8820b6e98487ab22f5e8404573e8c') in 0.031000 seconds 
========================================================================
Received Import Request.
  Time since last request: 0.000043 seconds.
  path: Assets/Props/Infirmary_Props/Infirmary_Bed_Side_Table.fbx
  artifactKey: Guid(f7a758b8f18c6784dbd39db5dae60bd2) Importer(815301076,1909f56bfc062723c751e8b465ee728b)
Start importing Assets/Props/Infirmary_Props/Infirmary_Bed_Side_Table.fbx using Guid(f7a758b8f18c6784dbd39db5dae60bd2) Importer(815301076,1909f56bfc062723c751e8b465ee728b)  -> (artifact id: '2e656cbad2f85e279b133537754a2963') in 0.175516 seconds 
========================================================================
Received Import Request.
  Time since last request: 0.000073 seconds.
  path: Assets/Props/Infirmary_Props/Infirmary_Ceiling.fbx
  artifactKey: Guid(15ea43cba7827744ea06ce21aa7be3c8) Importer(815301076,1909f56bfc062723c751e8b465ee728b)
Start importing Assets/Props/Infirmary_Props/Infirmary_Ceiling.fbx using Guid(15ea43cba7827744ea06ce21aa7be3c8) Importer(815301076,1909f56bfc062723c751e8b465ee728b)  -> (artifact id: '4227a7a6f05464a3e73e9abfa13d7fdb') in 0.030608 seconds 
========================================================================
Received Import Request.
  Time since last request: 0.000036 seconds.
  path: Assets/Props/Infirmary_Props/Infirmary_Syringes.fbx
  artifactKey: Guid(6fd7fa8b36ab68840b8bcb54081cf77d) Importer(815301076,1909f56bfc062723c751e8b465ee728b)
Start importing Assets/Props/Infirmary_Props/Infirmary_Syringes.fbx using Guid(6fd7fa8b36ab68840b8bcb54081cf77d) Importer(815301076,1909f56bfc062723c751e8b465ee728b)  -> (artifact id: 'a1ab4f989f7f2995fc33204edad0ea6f') in 0.071263 seconds 
========================================================================
Received Import Request.
  Time since last request: 0.000058 seconds.
  path: Assets/Props/Infirmary_Props/Infirmary_Medicine_Bottle_03.fbx
  artifactKey: Guid(94cdc3807f3472349b8724a2024f0558) Importer(815301076,1909f56bfc062723c751e8b465ee728b)
Start importing Assets/Props/Infirmary_Props/Infirmary_Medicine_Bottle_03.fbx using Guid(94cdc3807f3472349b8724a2024f0558) Importer(815301076,1909f56bfc062723c751e8b465ee728b)  -> (artifact id: '2d5dc4cebbdc8f68860f78329e4887ef') in 0.062403 seconds 
========================================================================
Received Import Request.
  Time since last request: 0.000051 seconds.
  path: Assets/Props/Infirmary_Props/Infirmary_Bistoury.fbx
  artifactKey: Guid(94bf1823a13b8c64ea014b6c1e91c77b) Importer(815301076,1909f56bfc062723c751e8b465ee728b)
Start importing Assets/Props/Infirmary_Props/Infirmary_Bistoury.fbx using Guid(94bf1823a13b8c64ea014b6c1e91c77b) Importer(815301076,1909f56bfc062723c751e8b465ee728b)  -> (artifact id: '66aca12112fc6ea83b3726bc2b455db5') in 0.033421 seconds 
========================================================================
Received Import Request.
  Time since last request: 0.000029 seconds.
  path: Assets/Props/Infirmary_Props/Infirmary_Wall_DishElevator.fbx
  artifactKey: Guid(604d8b6035855734b829d629f6278bf9) Importer(815301076,1909f56bfc062723c751e8b465ee728b)
Start importing Assets/Props/Infirmary_Props/Infirmary_Wall_DishElevator.fbx using Guid(604d8b6035855734b829d629f6278bf9) Importer(815301076,1909f56bfc062723c751e8b465ee728b)  -> (artifact id: '9051d4663170ef0fe8f3130536b9bfaf') in 0.029347 seconds 
========================================================================
Received Import Request.
  Time since last request: 0.000030 seconds.
  path: Assets/Props/Infirmary_Props/Infirmary_Floor.fbx
  artifactKey: Guid(7d3a6dd1a84a0fe488894a7244c1601b) Importer(815301076,1909f56bfc062723c751e8b465ee728b)
Start importing Assets/Props/Infirmary_Props/Infirmary_Floor.fbx using Guid(7d3a6dd1a84a0fe488894a7244c1601b) Importer(815301076,1909f56bfc062723c751e8b465ee728b)  -> (artifact id: '103f24e0a8e04083ec9e02207f7c7c20') in 0.030618 seconds 
========================================================================
Received Import Request.
  Time since last request: 0.000036 seconds.
  path: Assets/Props/Infirmary_Props/Infirmary_Wall_Door.fbx
  artifactKey: Guid(5016d03a2ee26164195d6e8ab6d1b61c) Importer(815301076,1909f56bfc062723c751e8b465ee728b)
Start importing Assets/Props/Infirmary_Props/Infirmary_Wall_Door.fbx using Guid(5016d03a2ee26164195d6e8ab6d1b61c) Importer(815301076,1909f56bfc062723c751e8b465ee728b)  -> (artifact id: '315fcf12a698442fee29317621f633a4') in 0.028319 seconds 
========================================================================
Received Import Request.
  Time since last request: 0.000029 seconds.
  path: Assets/Props/Infirmary_Props/Infirmary_Medical_Scissors.fbx
  artifactKey: Guid(f0ef87ebedaf0984dab7c2a2d7b871e7) Importer(815301076,1909f56bfc062723c751e8b465ee728b)
Start importing Assets/Props/Infirmary_Props/Infirmary_Medical_Scissors.fbx using Guid(f0ef87ebedaf0984dab7c2a2d7b871e7) Importer(815301076,1909f56bfc062723c751e8b465ee728b)  -> (artifact id: '733f6095f81ba979ea6aebeb416bd105') in 0.039585 seconds 
========================================================================
Received Import Request.
  Time since last request: 0.000053 seconds.
  path: Assets/Props/Infirmary_Props/Infirmary_Samples.fbx
  artifactKey: Guid(19d3e2ad46237f6498cd85dff5201def) Importer(815301076,1909f56bfc062723c751e8b465ee728b)
Start importing Assets/Props/Infirmary_Props/Infirmary_Samples.fbx using Guid(19d3e2ad46237f6498cd85dff5201def) Importer(815301076,1909f56bfc062723c751e8b465ee728b)  -> (artifact id: 'd88891f1bb1bb7901e987f7ff4afd7d3') in 0.242649 seconds 
Editor requested this worker to shutdown with reason: Scaling down because of idle timeout
AssetImportWorker is now disconnected from the server
Process exiting
Exiting without the bug reporter. Application will terminate with return code 0