Using pre-set license
Built from '2021.3/staging' branch; Version is '2021.3.10f1 (1c7d0df0160b) revision 1867021'; Using compiler version '192829333'; Build Type 'Release'
OS: 'Windows 11  (10.0.22621) 64bit Professional' Language: 'pt' Physical Memory: 16310 MB
BatchMode: 1, IsHumanControllingUs: 0, StartBugReporterOnCrash: 0, Is64bit: 1, IsPro: 1

COMMAND LINE ARGUMENTS:
C:\Program Files\Unity\Hub\Editor\2021.3.10f1\Editor\Unity.exe
-adb2
-batchMode
-noUpm
-name
AssetImportWorker2
-projectPath
C:/Users/thoma/Desktop/Lidem/Etic-LIdem
-logFile
Logs/AssetImportWorker2.log
-srvPort
55301
Successfully changed project path to: C:/Users/thoma/Desktop/Lidem/Etic-LIdem
C:/Users/thoma/Desktop/Lidem/Etic-LIdem
[UnityMemory] Configuration Parameters - Can be set up in boot.config
    "memorysetup-bucket-allocator-granularity=16"
    "memorysetup-bucket-allocator-bucket-count=8"
    "memorysetup-bucket-allocator-block-size=33554432"
    "memorysetup-bucket-allocator-block-count=8"
    "memorysetup-main-allocator-block-size=16777216"
    "memorysetup-thread-allocator-block-size=16777216"
    "memorysetup-gfx-main-allocator-block-size=16777216"
    "memorysetup-gfx-thread-allocator-block-size=16777216"
    "memorysetup-cache-allocator-block-size=4194304"
    "memorysetup-typetree-allocator-block-size=2097152"
    "memorysetup-profiler-bucket-allocator-granularity=16"
    "memorysetup-profiler-bucket-allocator-bucket-count=8"
    "memorysetup-profiler-bucket-allocator-block-size=33554432"
    "memorysetup-profiler-bucket-allocator-block-count=8"
    "memorysetup-profiler-allocator-block-size=16777216"
    "memorysetup-profiler-editor-allocator-block-size=1048576"
    "memorysetup-temp-allocator-size-main=16777216"
    "memorysetup-job-temp-allocator-block-size=2097152"
    "memorysetup-job-temp-allocator-block-size-background=1048576"
    "memorysetup-job-temp-allocator-reduction-small-platforms=262144"
    "memorysetup-temp-allocator-size-background-worker=32768"
    "memorysetup-temp-allocator-size-job-worker=262144"
    "memorysetup-temp-allocator-size-preload-manager=33554432"
    "memorysetup-temp-allocator-size-nav-mesh-worker=65536"
    "memorysetup-temp-allocator-size-audio-worker=65536"
    "memorysetup-temp-allocator-size-cloud-worker=32768"
    "memorysetup-temp-allocator-size-gi-baking-worker=262144"
    "memorysetup-temp-allocator-size-gfx=262144"
Refreshing native plugins compatible for Editor in 92.88 ms, found 10 plugins.
Preloading 1 native plugins for Editor in 1.04 ms.
Initialize engine version: 2021.3.10f1 (1c7d0df0160b)
[Subsystems] Discovering subsystems at path C:/Program Files/Unity/Hub/Editor/2021.3.10f1/Editor/Data/Resources/UnitySubsystems
[Subsystems] Discovering subsystems at path C:/Users/thoma/Desktop/Lidem/Etic-LIdem/Assets
GfxDevice: creating device client; threaded=0; jobified=0
Direct3D:
    Version:  Direct3D 11.0 [level 11.1]
    Renderer: NVIDIA GeForce RTX 3060 Ti (ID=0x2489)
    Vendor:   NVIDIA
    VRAM:     8038 MB
    Driver:   31.0.15.2698
Initialize mono
Mono path[0] = 'C:/Program Files/Unity/Hub/Editor/2021.3.10f1/Editor/Data/Managed'
Mono path[1] = 'C:/Program Files/Unity/Hub/Editor/2021.3.10f1/Editor/Data/MonoBleedingEdge/lib/mono/unityjit-win32'
Mono config path = 'C:/Program Files/Unity/Hub/Editor/2021.3.10f1/Editor/Data/MonoBleedingEdge/etc'
Using monoOptions --debugger-agent=transport=dt_socket,embedding=1,server=y,suspend=n,address=127.0.0.1:56232
Begin MonoManager ReloadAssembly
Registering precompiled unity dll's ...
Register platform support module: C:/Program Files/Unity/Hub/Editor/2021.3.10f1/Editor/Data/PlaybackEngines/WindowsStandaloneSupport/UnityEditor.WindowsStandalone.Extensions.dll
Registered in 0.004583 seconds.
Native extension for WindowsStandalone target not found
Refreshing native plugins compatible for Editor in 66.95 ms, found 10 plugins.
Preloading 1 native plugins for Editor in 0.07 ms.
Mono: successfully reloaded assembly
- Completed reload, in  0.580 seconds
Domain Reload Profiling:
	ReloadAssembly (580ms)
		BeginReloadAssembly (66ms)
			ExecutionOrderSort (0ms)
			DisableScriptedObjects (0ms)
			BackupInstance (0ms)
			ReleaseScriptingObjects (0ms)
			CreateAndSetChildDomain (1ms)
		EndReloadAssembly (412ms)
			LoadAssemblies (64ms)
			RebuildTransferFunctionScriptingTraits (0ms)
			SetupTypeCache (92ms)
			ReleaseScriptCaches (0ms)
			RebuildScriptCaches (29ms)
			SetupLoadedEditorAssemblies (245ms)
				LogAssemblyErrors (0ms)
				InitializePlatformSupportModulesInManaged (6ms)
				SetLoadedEditorAssemblies (0ms)
				RefreshPlugins (67ms)
				BeforeProcessingInitializeOnLoad (1ms)
				ProcessInitializeOnLoadAttributes (124ms)
				ProcessInitializeOnLoadMethodAttributes (46ms)
				AfterProcessingInitializeOnLoad (0ms)
				EditorAssembliesLoaded (0ms)
			ExecutionOrderSort2 (0ms)
			AwakeInstancesAfterBackupRestoration (0ms)
Platform modules already initialized, skipping
Registering precompiled user dll's ...
Registered in 0.008700 seconds.
Begin MonoManager ReloadAssembly
Native extension for WindowsStandalone target not found
Refreshing native plugins compatible for Editor in 70.86 ms, found 10 plugins.
Preloading 1 native plugins for Editor in 0.09 ms.
Package Manager log level set to [2]
System.Reflection.TargetInvocationException: Exception has been thrown by the target of an invocation. ---> System.NullReferenceException: Object reference not set to an instance of an object
  at Unity.XR.Oculus.OculusLoader.AssetPathToAbsolutePath (System.String assetPath) [0x00040] in C:\Users\thoma\Desktop\Lidem\Etic-LIdem\Library\PackageCache\com.unity.xr.oculus@3.0.2\Runtime\OculusLoader.cs:271 
  at Unity.XR.Oculus.OculusLoader.EditorLoadOVRPlugin () [0x0007b] in C:\Users\thoma\Desktop\Lidem\Etic-LIdem\Library\PackageCache\com.unity.xr.oculus@3.0.2\Runtime\OculusLoader.cs:256 
  at (wrapper managed-to-native) System.Reflection.RuntimeMethodInfo.InternalInvoke(System.Reflection.RuntimeMethodInfo,object,object[],System.Exception&)
  at System.Reflection.RuntimeMethodInfo.Invoke (System.Object obj, System.Reflection.BindingFlags invokeAttr, System.Reflection.Binder binder, System.Object[] parameters, System.Globalization.CultureInfo culture) [0x0006a] in <9aad1b3a47484d63ba2b3985692d80e9>:0 
   --- End of inner exception stack trace ---
  at System.Reflection.RuntimeMethodInfo.Invoke (System.Object obj, System.Reflection.BindingFlags invokeAttr, System.Reflection.Binder binder, System.Object[] parameters, System.Globalization.CultureInfo culture) [0x00083] in <9aad1b3a47484d63ba2b3985692d80e9>:0 
  at System.Reflection.MethodBase.Invoke (System.Object obj, System.Object[] parameters) [0x00000] in <9aad1b3a47484d63ba2b3985692d80e9>:0 
  at UnityEditor.EditorAssemblies.ProcessInitializeOnLoadMethodAttributes () [0x000a5] in <99feab6f3db6407493924fe4a179a95b>:0 
UnityEngine.StackTraceUtility:ExtractStackTrace ()
UnityEngine.DebugLogHandler:LogFormat (UnityEngine.LogType,UnityEngine.Object,string,object[])
UnityEngine.Logger:Log (UnityEngine.LogType,object)
UnityEngine.Debug:LogError (object)
UnityEditor.EditorAssemblies:ProcessInitializeOnLoadMethodAttributes ()

Mono: successfully reloaded assembly
- Completed reload, in  1.191 seconds
Domain Reload Profiling:
	ReloadAssembly (1191ms)
		BeginReloadAssembly (115ms)
			ExecutionOrderSort (0ms)
			DisableScriptedObjects (6ms)
			BackupInstance (0ms)
			ReleaseScriptingObjects (0ms)
			CreateAndSetChildDomain (21ms)
		EndReloadAssembly (984ms)
			LoadAssemblies (80ms)
			RebuildTransferFunctionScriptingTraits (0ms)
			SetupTypeCache (222ms)
			ReleaseScriptCaches (1ms)
			RebuildScriptCaches (57ms)
			SetupLoadedEditorAssemblies (573ms)
				LogAssemblyErrors (0ms)
				InitializePlatformSupportModulesInManaged (10ms)
				SetLoadedEditorAssemblies (0ms)
				RefreshPlugins (71ms)
				BeforeProcessingInitializeOnLoad (102ms)
				ProcessInitializeOnLoadAttributes (299ms)
				ProcessInitializeOnLoadMethodAttributes (84ms)
				AfterProcessingInitializeOnLoad (7ms)
				EditorAssembliesLoaded (0ms)
			ExecutionOrderSort2 (0ms)
			AwakeInstancesAfterBackupRestoration (5ms)
Platform modules already initialized, skipping
========================================================================
Worker process is ready to serve import requests
Launched and connected shader compiler UnityShaderCompiler.exe after 0.05 seconds
Refreshing native plugins compatible for Editor in 1.15 ms, found 10 plugins.
Preloading 1 native plugins for Editor in 0.09 ms.
Unloading 4379 Unused Serialized files (Serialized files now loaded: 0)
Unloading 50 unused Assets / (0.7 MB). Loaded Objects now: 4836.
Memory consumption went from 206.1 MB to 205.4 MB.
Total: 4.519000 ms (FindLiveObjects: 0.502500 ms CreateObjectMapping: 0.127300 ms MarkObjects: 3.535600 ms  DeleteObjects: 0.351800 ms)

AssetImportParameters requested are different than current active one (requested -> active):
  custom:video-decoder-ogg-theora: a1e56fd34408186e4bbccfd4996cb3dc -> 
  custom:container-muxer-webm: aa71ff27fc2769a1b78a27578f13a17b -> 
  custom:container-demuxer-webm: 4f35f7cbe854078d1ac9338744f61a02 -> 
  custom:video-encoder-webm-vp8: eb34c28f22e8b96e1ab97ce403110664 -> 
  custom:audio-encoder-webm-vorbis: bf7c407c2cedff20999df2af8eb42d56 -> 
  custom:framework-win-MediaFoundation: 216162199b28c13a410421893ffa2e32 -> 
  custom:container-demuxer-ogg: 62fdf1f143b41e24485cea50d1cbac27 -> 
  custom:video-decoder-webm-vp8: 9c59270c3fd7afecdb556c50c9e8de78 -> 
  custom:audio-decoder-ogg-vorbis: bf7c407c2cedff20999df2af8eb42d56 -> 
========================================================================
Received Import Request.
  Time since last request: 879874.313572 seconds.
  path: Assets/Props/Playroom_Props
  artifactKey: Guid(620645f5fee5c8e459b5e3c685a8dfd8) Importer(815301076,1909f56bfc062723c751e8b465ee728b)
Start importing Assets/Props/Playroom_Props using Guid(620645f5fee5c8e459b5e3c685a8dfd8) Importer(815301076,1909f56bfc062723c751e8b465ee728b)  -> (artifact id: '59b0adeea9ccfe1b69ed70308077cbb7') in 0.014301 seconds 
========================================================================
Received Import Request.
  Time since last request: 0.299441 seconds.
  path: Assets/Props/Playroom_Props/Playroom_Ball_Big.fbx
  artifactKey: Guid(fcfc3f813f1e13b49abd50d8b0f321aa) Importer(815301076,1909f56bfc062723c751e8b465ee728b)
Start importing Assets/Props/Playroom_Props/Playroom_Ball_Big.fbx using Guid(fcfc3f813f1e13b49abd50d8b0f321aa) Importer(815301076,1909f56bfc062723c751e8b465ee728b)  -> (artifact id: 'b6546b1171f480d88feaada655f7c5d8') in 0.316901 seconds 
========================================================================
Received Import Request.
  Time since last request: 0.000030 seconds.
  path: Assets/Props/Playroom_Props/Playroom_Material_Test.mat
  artifactKey: Guid(bddda9ded3780224990a9eae6f4c33b3) Importer(815301076,1909f56bfc062723c751e8b465ee728b)
Start importing Assets/Props/Playroom_Props/Playroom_Material_Test.mat using Guid(bddda9ded3780224990a9eae6f4c33b3) Importer(815301076,1909f56bfc062723c751e8b465ee728b)  -> (artifact id: '936e5917b87aa382b1956a556e2c9041') in 0.059909 seconds 
========================================================================
Received Import Request.
  Time since last request: 4.391484 seconds.
  path: Assets/Props/Playroom_Props/Playroom_Proxys
  artifactKey: Guid(dc0c392a1e0dc9743901e2740ae8e00a) Importer(815301076,1909f56bfc062723c751e8b465ee728b)
Start importing Assets/Props/Playroom_Props/Playroom_Proxys using Guid(dc0c392a1e0dc9743901e2740ae8e00a) Importer(815301076,1909f56bfc062723c751e8b465ee728b)  -> (artifact id: 'fb41fabf035cf13e5cd263f7f20445ea') in 0.006470 seconds 
========================================================================
Received Import Request.
  Time since last request: 0.284056 seconds.
  path: Assets/Props/Playroom_Props/Playroom_Proxys/Playroom_Ball_Big_pry.fbx
  artifactKey: Guid(dfcc1d05ecb40654e949041c77b9bdf7) Importer(815301076,1909f56bfc062723c751e8b465ee728b)
Start importing Assets/Props/Playroom_Props/Playroom_Proxys/Playroom_Ball_Big_pry.fbx using Guid(dfcc1d05ecb40654e949041c77b9bdf7) Importer(815301076,1909f56bfc062723c751e8b465ee728b)  -> (artifact id: '046179638d3dd3cf7971868eff390e12') in 0.034087 seconds 
========================================================================
Received Import Request.
  Time since last request: 0.000030 seconds.
  path: Assets/Props/Playroom_Props/Playroom_Proxys/Playroom_WoodenCubes_pry.fbx
  artifactKey: Guid(167dfeb60882bc641befff7e2688531e) Importer(815301076,1909f56bfc062723c751e8b465ee728b)
Start importing Assets/Props/Playroom_Props/Playroom_Proxys/Playroom_WoodenCubes_pry.fbx using Guid(167dfeb60882bc641befff7e2688531e) Importer(815301076,1909f56bfc062723c751e8b465ee728b)  -> (artifact id: '33df47fa264befa6702dfdf29cbb5337') in 0.043253 seconds 
========================================================================
Received Import Request.
  Time since last request: 0.000030 seconds.
  path: Assets/Props/Playroom_Props/Playroom_Proxys/Playroom_Jigsaw_Mats_pry.fbx
  artifactKey: Guid(1649fd7b781867640b584aaca10af03d) Importer(815301076,1909f56bfc062723c751e8b465ee728b)
Start importing Assets/Props/Playroom_Props/Playroom_Proxys/Playroom_Jigsaw_Mats_pry.fbx using Guid(1649fd7b781867640b584aaca10af03d) Importer(815301076,1909f56bfc062723c751e8b465ee728b)  -> (artifact id: 'e3a60ae382a3e85755c9fbfaf264c365') in 0.043763 seconds 
========================================================================
Received Import Request.
  Time since last request: 0.000030 seconds.
  path: Assets/Props/Playroom_Props/Playroom_Proxys/Playroom_Paper_Drawings_pry.fbx
  artifactKey: Guid(f266442f509bac34891e34e3bd51279c) Importer(815301076,1909f56bfc062723c751e8b465ee728b)
Start importing Assets/Props/Playroom_Props/Playroom_Proxys/Playroom_Paper_Drawings_pry.fbx using Guid(f266442f509bac34891e34e3bd51279c) Importer(815301076,1909f56bfc062723c751e8b465ee728b)  -> (artifact id: 'b331f29b69335d4c5111b3668cd52a44') in 0.047813 seconds 
========================================================================
Received Import Request.
  Time since last request: 0.000044 seconds.
  path: Assets/Props/Playroom_Props/Playroom_Proxys/Playroom_Door_Wall_pry.fbx
  artifactKey: Guid(6c6397682f378d2459e68b3541e5ff32) Importer(815301076,1909f56bfc062723c751e8b465ee728b)
Start importing Assets/Props/Playroom_Props/Playroom_Proxys/Playroom_Door_Wall_pry.fbx using Guid(6c6397682f378d2459e68b3541e5ff32) Importer(815301076,1909f56bfc062723c751e8b465ee728b)  -> (artifact id: 'e9c1b4616e3f7be224de3ca39ce7575b') in 0.033986 seconds 
========================================================================
Received Import Request.
  Time since last request: 4.964529 seconds.
  path: Assets/Props/Playroom_Props/Playroom_Puzzle_Props
  artifactKey: Guid(8104c84caf7734c40a78aec927918a6f) Importer(815301076,1909f56bfc062723c751e8b465ee728b)
Start importing Assets/Props/Playroom_Props/Playroom_Puzzle_Props using Guid(8104c84caf7734c40a78aec927918a6f) Importer(815301076,1909f56bfc062723c751e8b465ee728b)  -> (artifact id: '5a89b4bc1dcdea967900d93c421f4f39') in 0.006522 seconds 
========================================================================
Received Import Request.
  Time since last request: 0.855244 seconds.
  path: Assets/Props/Playroom_Props/Playroom_Puzzle_Props/Playroom_Plushie_Rabbit.fbx
  artifactKey: Guid(2e99751288c9d96428d4b252fe878b5e) Importer(815301076,1909f56bfc062723c751e8b465ee728b)
Start importing Assets/Props/Playroom_Props/Playroom_Puzzle_Props/Playroom_Plushie_Rabbit.fbx using Guid(2e99751288c9d96428d4b252fe878b5e) Importer(815301076,1909f56bfc062723c751e8b465ee728b)  -> (artifact id: '0dba6d49cc0c57ebd70b92ae29535c86') in 0.103180 seconds 
========================================================================
Received Import Request.
  Time since last request: 1823.857226 seconds.
  path: Assets/Props/Playroom_Props/Playroom_Proxys/Playroom_Puzzle_Proxys/Playroom_Plushie_Rabbit_pry.fbx
  artifactKey: Guid(2585a11dd826e2249a490392e860643c) Importer(815301076,1909f56bfc062723c751e8b465ee728b)
Start importing Assets/Props/Playroom_Props/Playroom_Proxys/Playroom_Puzzle_Proxys/Playroom_Plushie_Rabbit_pry.fbx using Guid(2585a11dd826e2249a490392e860643c) Importer(815301076,1909f56bfc062723c751e8b465ee728b)  -> (artifact id: '009ca737ef08448d77e2e989934b6fce') in 0.033924 seconds 
========================================================================
Received Import Request.
  Time since last request: 0.000026 seconds.
  path: Assets/Props/Playroom_Props/Playroom_Proxys/Playroom_Puzzle_Proxys/Playroom_ToyBox_pry.fbx
  artifactKey: Guid(48714cbc15063ad4898fc1e8736ba3c9) Importer(815301076,1909f56bfc062723c751e8b465ee728b)
Start importing Assets/Props/Playroom_Props/Playroom_Proxys/Playroom_Puzzle_Proxys/Playroom_ToyBox_pry.fbx using Guid(48714cbc15063ad4898fc1e8736ba3c9) Importer(815301076,1909f56bfc062723c751e8b465ee728b)  -> (artifact id: '18feb8965f5bded7184e78fa48e0a728') in 0.045559 seconds 
========================================================================
Received Import Request.
  Time since last request: 63.144282 seconds.
  path: Assets/Props/Corridor_Props
  artifactKey: Guid(84c86b802044a85408686b2448ed32c1) Importer(815301076,1909f56bfc062723c751e8b465ee728b)
Start importing Assets/Props/Corridor_Props using Guid(84c86b802044a85408686b2448ed32c1) Importer(815301076,1909f56bfc062723c751e8b465ee728b)  -> (artifact id: '513ae5f3c9239ad7ade99f79ce786b04') in 0.007530 seconds 
========================================================================
Received Import Request.
  Time since last request: 0.049981 seconds.
  path: Assets/Props/Corridor_Props/Corridor_Ceiling.fbx
  artifactKey: Guid(659e6c5d55b42bc49a9b9dcb4630ed85) Importer(815301076,1909f56bfc062723c751e8b465ee728b)
Start importing Assets/Props/Corridor_Props/Corridor_Ceiling.fbx using Guid(659e6c5d55b42bc49a9b9dcb4630ed85) Importer(815301076,1909f56bfc062723c751e8b465ee728b)  -> (artifact id: 'a7d628cefcffebfd4b767e9f239567de') in 0.031682 seconds 
========================================================================
Received Import Request.
  Time since last request: 0.000039 seconds.
  path: Assets/Props/Corridor_Props/Corridor_Lamp.fbx
  artifactKey: Guid(6f54cc6825e6cb04b844f22eb61e432f) Importer(815301076,1909f56bfc062723c751e8b465ee728b)
Start importing Assets/Props/Corridor_Props/Corridor_Lamp.fbx using Guid(6f54cc6825e6cb04b844f22eb61e432f) Importer(815301076,1909f56bfc062723c751e8b465ee728b)  -> (artifact id: '0552b4ee8d748836d4517e30878ce6aa') in 0.040637 seconds 
========================================================================
Received Import Request.
  Time since last request: 0.000031 seconds.
  path: Assets/Props/Corridor_Props/Corridor_Seams_Blocker.fbx
  artifactKey: Guid(a60925556ff6cf3479edaa3483100d18) Importer(815301076,1909f56bfc062723c751e8b465ee728b)
Start importing Assets/Props/Corridor_Props/Corridor_Seams_Blocker.fbx using Guid(a60925556ff6cf3479edaa3483100d18) Importer(815301076,1909f56bfc062723c751e8b465ee728b)  -> (artifact id: '0556a5bf5964badf105894afbff281de') in 0.029309 seconds 
========================================================================
Received Import Request.
  Time since last request: 0.000023 seconds.
  path: Assets/Props/Corridor_Props/COrridor_Floor_mat.mat
  artifactKey: Guid(880eecc91160e34479012fa715e1f004) Importer(815301076,1909f56bfc062723c751e8b465ee728b)
Start importing Assets/Props/Corridor_Props/COrridor_Floor_mat.mat using Guid(880eecc91160e34479012fa715e1f004) Importer(815301076,1909f56bfc062723c751e8b465ee728b)  -> (artifact id: '714ef39486563c6898c8ebd78db994b7') in 0.048963 seconds 
========================================================================
Received Import Request.
  Time since last request: 0.000046 seconds.
  path: Assets/Props/Corridor_Props/Corridor_Material_Test.mat
  artifactKey: Guid(0dbf5222c890ced46820f10451394a94) Importer(815301076,1909f56bfc062723c751e8b465ee728b)
Start importing Assets/Props/Corridor_Props/Corridor_Material_Test.mat using Guid(0dbf5222c890ced46820f10451394a94) Importer(815301076,1909f56bfc062723c751e8b465ee728b)  -> (artifact id: '8a0e3a6242fdc7857e50cf2cbad4c1d3') in 0.027592 seconds 
========================================================================
Received Import Request.
  Time since last request: 0.000031 seconds.
  path: Assets/Props/Corridor_Props/Corridor_Wall_With_Door.fbx
  artifactKey: Guid(62124bbf9c8b0b74ab41e38517d235e4) Importer(815301076,1909f56bfc062723c751e8b465ee728b)
Start importing Assets/Props/Corridor_Props/Corridor_Wall_With_Door.fbx using Guid(62124bbf9c8b0b74ab41e38517d235e4) Importer(815301076,1909f56bfc062723c751e8b465ee728b)  -> (artifact id: '8de6669c6810a961dc3709c264de1cf9') in 0.027758 seconds 
========================================================================
Received Import Request.
  Time since last request: 0.000050 seconds.
  path: Assets/Props/Corridor_Props/Corridor_DoorWindow.fbx
  artifactKey: Guid(3941319858910354683ae8854835054c) Importer(815301076,1909f56bfc062723c751e8b465ee728b)
Start importing Assets/Props/Corridor_Props/Corridor_DoorWindow.fbx using Guid(3941319858910354683ae8854835054c) Importer(815301076,1909f56bfc062723c751e8b465ee728b)  -> (artifact id: 'af290da7e28ffc7aa3b32a4e0d22f697') in 0.226202 seconds 
Editor requested this worker to shutdown with reason: Scaling down because of idle timeout
AssetImportWorker is now disconnected from the server
Process exiting
Exiting without the bug reporter. Application will terminate with return code 0